
Due to MODULEPATH changes, the following have been reloaded:
  1) libfabric/1.10.1     2) openmpi/4.0.3     3) ucx/1.8.0


Lmod is automatically replacing "intel/2020.1.217" with "gcc/9.3.0".


Due to MODULEPATH changes, the following have been reloaded:
  1) cuda/11.0     2) openmpi/4.0.3

Sat Sep  2 18:04:39 2023       
+---------------------------------------------------------------------------------------+
| NVIDIA-SMI 530.30.02              Driver Version: 530.30.02    CUDA Version: 12.1     |
|-----------------------------------------+----------------------+----------------------+
| GPU  Name                  Persistence-M| Bus-Id        Disp.A | Volatile Uncorr. ECC |
| Fan  Temp  Perf            Pwr:Usage/Cap|         Memory-Usage | GPU-Util  Compute M. |
|                                         |                      |               MIG M. |
|=========================================+======================+======================|
|   0  Tesla V100-SXM2-32GB            On | 00000000:3B:00.0 Off |                    0 |
| N/A   31C    P0               41W / 300W|      0MiB / 32768MiB |      0%      Default |
|                                         |                      |                  N/A |
+-----------------------------------------+----------------------+----------------------+
                                                                                         
+---------------------------------------------------------------------------------------+
| Processes:                                                                            |
|  GPU   GI   CI        PID   Type   Process name                            GPU Memory |
|        ID   ID                                                             Usage      |
|=======================================================================================|
|  No running processes found                                                           |
+---------------------------------------------------------------------------------------+
Testing...
CUDA is available
The number of available CUDA devices is 1
Using device: cuda

Tesla V100-SXM2-32GB
Memory Usage:
Allocated: 0.0 GB
Cached:    0.0 GB


Configuration loaded: 

{'dataset': {'crop_ratio': [0.9, 1.0],
             'default_fps': None,
             'downsample_rate': 1,
             'feat_folder': '/scratch/slee67/bodycam_npy_v2',
             'feat_stride': 4,
             'file_ext': '.npy',
             'file_prefix': None,
             'force_upsampling': False,
             'input_dim': 2000,
             'json_file': './data/InternVideo_Police_BWC_Car_v3.json',
             'max_seq_len': 65536,
             'num_classes': 1,
             'num_frames': 16,
             'trunc_thresh': 0.5},
 'dataset_name': 'thumos',
 'devices': ['cuda:0'],
 'init_rand_seed': 1234567891,
 'loader': {'batch_size': 2, 'num_workers': 4},
 'model': {'backbone_arch': (2, 2, 5),
           'backbone_type': 'convTransformer',
           'embd_dim': 512,
           'embd_kernel_size': 3,
           'embd_with_ln': True,
           'fpn_dim': 512,
           'fpn_type': 'identity',
           'fpn_with_ln': True,
           'head_dim': 512,
           'head_kernel_size': 3,
           'head_num_layers': 3,
           'head_with_ln': True,
           'input_dim': 2000,
           'max_buffer_len_factor': 6.0,
           'max_seq_len': 65536,
           'n_head': 4,
           'n_mha_win_size': 16,
           'num_classes': 1,
           'regression_range': [(0, 4),
                                (4, 8),
                                (8, 16),
                                (16, 32),
                                (32, 64),
                                (64, 10000)],
           'scale_factor': 2,
           'test_cfg': {'duration_thresh': 0.05,
                        'ext_score_file': None,
                        'iou_threshold': 0.1,
                        'max_seg_num': 200,
                        'min_score': 0.001,
                        'multiclass_nms': True,
                        'nms_method': 'soft',
                        'nms_sigma': 0.5,
                        'pre_nms_thresh': 0.001,
                        'pre_nms_topk': 2000,
                        'voting_thresh': 0.7},
           'train_cfg': {'center_sample': 'radius',
                         'center_sample_radius': 1.5,
                         'clip_grad_l2norm': 1.0,
                         'cls_prior_prob': 0.01,
                         'dropout': 0.0,
                         'droppath': 0.1,
                         'head_empty_cls': [],
                         'init_loss_norm': 100,
                         'label_smoothing': 0.0,
                         'loss_weight': 1.0},
           'use_abs_pe': False,
           'use_rel_pe': False},
 'model_name': 'LocPointTransformer',
 'opt': {'epochs': 45,
         'learning_rate': 0.0001,
         'momentum': 0.9,
         'schedule_gamma': 0.1,
         'schedule_steps': [],
         'schedule_type': 'cosine',
         'type': 'AdamW',
         'warmup': True,
         'warmup_epochs': 5,
         'weight_decay': 0.05},
 'output_folder': './ckpt_bwc/',
 'test_cfg': {'duration_thresh': 0.05,
              'ext_score_file': None,
              'iou_threshold': 0.1,
              'max_seg_num': 200,
              'min_score': 0.001,
              'multiclass_nms': True,
              'nms_method': 'soft',
              'nms_sigma': 0.5,
              'pre_nms_thresh': 0.001,
              'pre_nms_topk': 2000,
              'voting_thresh': 0.7},
 'train_cfg': {'center_sample': 'radius',
               'center_sample_radius': 1.5,
               'clip_grad_l2norm': 1.0,
               'cls_prior_prob': 0.01,
               'dropout': 0.0,
               'droppath': 0.1,
               'head_empty_cls': [],
               'init_loss_norm': 100,
               'label_smoothing': 0.0,
               'loss_weight': 1.0},
 'train_split': ['train'],
 'val_split': ['test']}
stride = 16
max_seq_len = 65536
stride = 32
max_seq_len = 65536
stride = 64
max_seq_len = 65536
stride = 128
max_seq_len = 65536
stride = 256
max_seq_len = 65536
stride = 512
max_seq_len = 65536
Using model EMA ...

Start training model LocPointTransformer ...
train_eval.py epoch (l145): 0
Devices:
cuda:0

[Train]: Epoch 0 started

train_utils.py l280

RAM Used:  9.598602294921875 GB

GPU Memory Usage:
Allocated: 0.2 GB
Cached:    0.2 GB

thumos14.py l159

RAM Used:  9.68282699584961 GB

GPU Memory Usage:
Allocated: 0.0 GB
Cached:    0.0 GB

Log 1081642 _ Body_Cam Video 14

thumos14.py l159

RAM Used:  9.685619354248047 GB

GPU Memory Usage:
Allocated: 0.0 GB
Cached:    0.0 GB

Log 1089608 Body_Worn Camera 1

thumos14.py l159

RAM Used:  9.70809555053711 GB

GPU Memory Usage:
Allocated: 0.0 GB
Cached:    0.0 GB

Log 1083757 _ Body_Cam Video 3

thumos14.py l159

RAM Used:  9.778656005859375 GB

GPU Memory Usage:
Allocated: 0.0 GB
Cached:    0.0 GB

Log 1087646 _ Body_Worn Camera 1

thumos14.py l159

RAM Used:  69.72558212280273 GB

GPU Memory Usage:
Allocated: 0.0 GB
Cached:    0.0 GB

Log  2019_4934Body Worn Camera 1

thumos14.py l159

RAM Used:  76.38090133666992 GB

GPU Memory Usage:
Allocated: 0.0 GB
Cached:    0.0 GB

Log 1082195 _ Body Cam Video 12
Traceback (most recent call last):
  File "/project/6003167/slee67/bodycam/ENV/lib/python3.10/site-packages/torch/utils/data/dataloader.py", line 1132, in _try_get_data
    data = self._data_queue.get(timeout=timeout)
  File "/cvmfs/soft.computecanada.ca/easybuild/software/2020/avx2/Core/python/3.10.2/lib/python3.10/multiprocessing/queues.py", line 113, in get
    if not self._poll(timeout):
  File "/cvmfs/soft.computecanada.ca/easybuild/software/2020/avx2/Core/python/3.10.2/lib/python3.10/multiprocessing/connection.py", line 262, in poll
    return self._poll(timeout)
  File "/cvmfs/soft.computecanada.ca/easybuild/software/2020/avx2/Core/python/3.10.2/lib/python3.10/multiprocessing/connection.py", line 429, in _poll
    r = wait([self], timeout)
  File "/cvmfs/soft.computecanada.ca/easybuild/software/2020/avx2/Core/python/3.10.2/lib/python3.10/multiprocessing/connection.py", line 936, in wait
    ready = selector.select(timeout)
  File "/cvmfs/soft.computecanada.ca/easybuild/software/2020/avx2/Core/python/3.10.2/lib/python3.10/selectors.py", line 416, in select
    fd_event_list = self._selector.poll(timeout)
  File "/project/6003167/slee67/bodycam/ENV/lib/python3.10/site-packages/torch/utils/data/_utils/signal_handling.py", line 66, in handler
    _error_if_any_worker_fails()
RuntimeError: DataLoader worker (pid 77249) is killed by signal: Killed. 

The above exception was the direct cause of the following exception:

Traceback (most recent call last):
  File "/project/6003167/slee67/bodycam/InternVideo/Downstream/Temporal-Action-Localization/./train_eval.py", line 256, in <module>
    main(args)
  File "/project/6003167/slee67/bodycam/InternVideo/Downstream/Temporal-Action-Localization/./train_eval.py", line 166, in main
    train_one_epoch(
  File "/project/6003167/slee67/bodycam/InternVideo/Downstream/Temporal-Action-Localization/libs/utils/train_utils.py", line 286, in train_one_epoch
    for iter_idx, video_list in (enumerate(train_loader, 0)):
  File "/project/6003167/slee67/bodycam/ENV/lib/python3.10/site-packages/torch/utils/data/dataloader.py", line 633, in __next__
    data = self._next_data()
  File "/project/6003167/slee67/bodycam/ENV/lib/python3.10/site-packages/torch/utils/data/dataloader.py", line 1328, in _next_data
    idx, data = self._get_data()
  File "/project/6003167/slee67/bodycam/ENV/lib/python3.10/site-packages/torch/utils/data/dataloader.py", line 1294, in _get_data
    success, data = self._try_get_data()
  File "/project/6003167/slee67/bodycam/ENV/lib/python3.10/site-packages/torch/utils/data/dataloader.py", line 1145, in _try_get_data
    raise RuntimeError('DataLoader worker (pid(s) {}) exited unexpectedly'.format(pids_str)) from e
RuntimeError: DataLoader worker (pid(s) 77249) exited unexpectedly
slurmstepd: error: Detected 576 oom_kill events in StepId=11238184.batch. Some of the step tasks have been OOM Killed.
